<?xml version="1.0" encoding="UTF-8"?>
<testng-results skipped="0" failed="0" ignored="0" total="1" passed="1">
  <reporter-output>
  </reporter-output>
  <suite name="Default suite" duration-ms="65065" started-at="2021-01-22T18:50:36Z" finished-at="2021-01-22T18:51:41Z">
    <groups>
    </groups>
    <test name="Default test" duration-ms="65065" started-at="2021-01-22T18:50:36Z" finished-at="2021-01-22T18:51:41Z">
      <class name="TestCases.merchantSignUpTest">
        <test-method status="PASS" signature="signUpStart()[pri:0, instance:TestCases.merchantSignUpTest@6e0dec4a]" name="signUpStart" duration-ms="65031" started-at="2021-01-22T19:50:36Z" finished-at="2021-01-22T19:51:41Z">
          <reporter-output>
          </reporter-output>
        </test-method> <!-- signUpStart -->
      </class> <!-- TestCases.merchantSignUpTest -->
    </test> <!-- Default test -->
  </suite> <!-- Default suite -->
</testng-results>
